Tue Jan  6 08:16:25 UTC 2026 | activity 28709
Tue Jan  6 08:16:31 UTC 2026 | activity 149
Wed Jan  7 06:50:47 UTC 2026 | activity 21622
Thu Jan  8 06:50:46 UTC 2026 | activity 176
Thu Jan  8 06:50:55 UTC 2026 | activity 8359
Thu Jan  8 06:51:08 UTC 2026 | activity 19113
Fri Jan  9 06:51:17 UTC 2026 | activity 11199
Fri Jan  9 06:51:28 UTC 2026 | activity 1362
Sat Jan 10 06:46:05 UTC 2026 | activity 430
Sat Jan 10 06:46:09 UTC 2026 | activity 30557
Sun Jan 11 06:47:57 UTC 2026 | activity 15769
Sun Jan 11 06:48:08 UTC 2026 | activity 6727
Sun Jan 11 06:48:27 UTC 2026 | activity 21972
Sun Jan 11 06:48:44 UTC 2026 | activity 26005
Mon Jan 12 06:54:41 UTC 2026 | activity 30316
Tue Jan 13 06:51:13 UTC 2026 | activity 4197
Tue Jan 13 06:51:20 UTC 2026 | activity 20317
Tue Jan 13 06:51:23 UTC 2026 | activity 7420
Tue Jan 13 06:51:29 UTC 2026 | activity 16063
Wed Jan 14 06:51:13 UTC 2026 | activity 31924
Wed Jan 14 06:51:19 UTC 2026 | activity 25275
Thu Jan 15 06:50:55 UTC 2026 | activity 17356
Thu Jan 15 06:50:55 UTC 2026 | activity 23626
Fri Jan 16 06:50:42 UTC 2026 | activity 12641
Fri Jan 16 06:50:54 UTC 2026 | activity 24626
Sat Jan 17 06:46:42 UTC 2026 | activity 17450
Sun Jan 18 06:47:11 UTC 2026 | activity 30348
Sun Jan 18 06:47:22 UTC 2026 | activity 11924
Sun Jan 18 06:47:27 UTC 2026 | activity 906
Sun Jan 18 06:47:32 UTC 2026 | activity 13711
Sun Jan 18 06:47:51 UTC 2026 | activity 30113
Mon Jan 19 06:57:17 UTC 2026 | activity 5505
Mon Jan 19 06:57:29 UTC 2026 | activity 11562
Mon Jan 19 06:57:43 UTC 2026 | activity 10338
Mon Jan 19 06:58:02 UTC 2026 | activity 17579
Mon Jan 19 06:58:12 UTC 2026 | activity 25437
Tue Jan 20 06:54:50 UTC 2026 | activity 14446
Thu Jan 22 06:52:56 UTC 2026 | activity 30871
Fri Jan 23 06:52:25 UTC 2026 | activity 23981
Fri Jan 23 06:52:25 UTC 2026 | activity 12630
Fri Jan 23 06:52:33 UTC 2026 | activity 18439
Sat Jan 24 06:47:34 UTC 2026 | activity 26008
Sat Jan 24 06:47:41 UTC 2026 | activity 21216
Sat Jan 24 06:47:53 UTC 2026 | activity 16770
Sun Jan 25 06:48:58 UTC 2026 | activity 26281
Sun Jan 25 06:49:06 UTC 2026 | activity 7199
Sun Jan 25 06:49:18 UTC 2026 | activity 28204
Sun Jan 25 06:49:35 UTC 2026 | activity 5816
Sun Jan 25 06:49:39 UTC 2026 | activity 19721
Tue Jan 27 06:53:48 UTC 2026 | activity 27279
Tue Jan 27 06:54:07 UTC 2026 | activity 3998
Tue Jan 27 06:54:14 UTC 2026 | activity 6182
Tue Jan 27 06:54:32 UTC 2026 | activity 28605
Wed Jan 28 06:54:17 UTC 2026 | activity 18277
Wed Jan 28 06:54:35 UTC 2026 | activity 26815
Wed Jan 28 06:54:39 UTC 2026 | activity 16047
Wed Jan 28 06:54:48 UTC 2026 | activity 9457
Wed Jan 28 06:54:54 UTC 2026 | activity 20531
Thu Jan 29 07:05:52 UTC 2026 | activity 31701
Thu Jan 29 07:06:03 UTC 2026 | activity 3261
Thu Jan 29 07:06:12 UTC 2026 | activity 367
Thu Jan 29 07:06:26 UTC 2026 | activity 7816
Thu Jan 29 07:06:37 UTC 2026 | activity 28611
Fri Jan 30 07:07:17 UTC 2026 | activity 14886
Fri Jan 30 07:07:20 UTC 2026 | activity 15700
Fri Jan 30 07:07:39 UTC 2026 | activity 21710
Sat Jan 31 06:58:04 UTC 2026 | activity 15478
Sat Jan 31 06:58:21 UTC 2026 | activity 16809
Sat Jan 31 06:58:27 UTC 2026 | activity 31216
Sat Jan 31 06:58:32 UTC 2026 | activity 20981
Mon Feb  2 07:17:08 UTC 2026 | activity 26927
Mon Feb  2 07:17:19 UTC 2026 | activity 8066
Mon Feb  2 07:17:24 UTC 2026 | activity 17448
Mon Feb  2 07:17:28 UTC 2026 | activity 14478
Mon Feb  2 07:17:34 UTC 2026 | activity 25343
Tue Feb  3 07:10:09 UTC 2026 | activity 15194
Tue Feb  3 07:10:09 UTC 2026 | activity 3857
Tue Feb  3 07:10:22 UTC 2026 | activity 12861
Tue Feb  3 07:10:38 UTC 2026 | activity 901
Tue Feb  3 07:10:49 UTC 2026 | activity 12194
Wed Feb  4 07:10:05 UTC 2026 | activity 6703
Thu Feb  5 07:15:52 UTC 2026 | activity 7104
Thu Feb  5 07:16:07 UTC 2026 | activity 14388
Thu Feb  5 07:16:11 UTC 2026 | activity 3877
Thu Feb  5 07:16:21 UTC 2026 | activity 29452
Fri Feb  6 07:12:36 UTC 2026 | activity 20603
Fri Feb  6 07:12:49 UTC 2026 | activity 20575
Fri Feb  6 07:12:54 UTC 2026 | activity 18439
Fri Feb  6 07:13:00 UTC 2026 | activity 31774
Sun Feb  8 07:06:27 UTC 2026 | activity 29178
Sun Feb  8 07:06:42 UTC 2026 | activity 7202
Sun Feb  8 07:06:55 UTC 2026 | activity 16668
Mon Feb  9 07:20:27 UTC 2026 | activity 14329
Mon Feb  9 07:20:38 UTC 2026 | activity 24145
Mon Feb  9 07:20:42 UTC 2026 | activity 31838
Mon Feb  9 07:20:43 UTC 2026 | activity 23549
Tue Feb 10 07:21:21 UTC 2026 | activity 20282
Tue Feb 10 07:21:25 UTC 2026 | activity 20157
Thu Feb 12 07:16:38 UTC 2026 | activity 19530
Thu Feb 12 07:16:57 UTC 2026 | activity 20801
Thu Feb 12 07:16:59 UTC 2026 | activity 7472
Fri Feb 13 07:14:33 UTC 2026 | activity 23957
Fri Feb 13 07:14:40 UTC 2026 | activity 7780
Fri Feb 13 07:14:55 UTC 2026 | activity 15905
Fri Feb 13 07:14:57 UTC 2026 | activity 8672
Fri Feb 13 07:15:16 UTC 2026 | activity 19642
Sun Feb 15 07:06:26 UTC 2026 | activity 7363
Sun Feb 15 07:06:44 UTC 2026 | activity 30064
Sun Feb 15 07:07:01 UTC 2026 | activity 25038
Sun Feb 15 07:07:16 UTC 2026 | activity 26551
Tue Feb 17 07:14:55 UTC 2026 | activity 17569
Tue Feb 17 07:15:11 UTC 2026 | activity 15261
Tue Feb 17 07:15:22 UTC 2026 | activity 26221
Tue Feb 17 07:15:32 UTC 2026 | activity 26213
Wed Feb 18 07:15:43 UTC 2026 | activity 5560
Wed Feb 18 07:15:50 UTC 2026 | activity 17169
Wed Feb 18 07:16:08 UTC 2026 | activity 15813
Wed Feb 18 07:16:27 UTC 2026 | activity 8079
Fri Feb 20 07:13:43 UTC 2026 | activity 9689
Sat Feb 21 07:00:55 UTC 2026 | activity 6643
Sat Feb 21 07:01:04 UTC 2026 | activity 11320
Sat Feb 21 07:01:20 UTC 2026 | activity 19465
Sun Feb 22 07:05:56 UTC 2026 | activity 32432
Sun Feb 22 07:06:12 UTC 2026 | activity 1282
Sun Feb 22 07:06:26 UTC 2026 | activity 2671
Sun Feb 22 07:06:45 UTC 2026 | activity 10347
Sun Feb 22 07:07:00 UTC 2026 | activity 22394
Mon Feb 23 07:20:25 UTC 2026 | activity 26735
Mon Feb 23 07:20:34 UTC 2026 | activity 25013
Mon Feb 23 07:20:44 UTC 2026 | activity 15406
Tue Feb 24 07:15:20 UTC 2026 | activity 3693
Thu Feb 26 07:15:09 UTC 2026 | activity 10315
Thu Feb 26 07:15:22 UTC 2026 | activity 29282
Thu Feb 26 07:15:36 UTC 2026 | activity 15136
Thu Feb 26 07:15:50 UTC 2026 | activity 17629
Thu Feb 26 07:16:08 UTC 2026 | activity 10873
Sat Feb 28 06:56:07 UTC 2026 | activity 30518
Sat Feb 28 06:56:15 UTC 2026 | activity 255
Sat Feb 28 06:56:23 UTC 2026 | activity 22640
Sun Mar  1 07:03:31 UTC 2026 | activity 5230
Sun Mar  1 07:03:37 UTC 2026 | activity 17257
Mon Mar  2 07:15:35 UTC 2026 | activity 23142
Mon Mar  2 07:15:38 UTC 2026 | activity 12800
Mon Mar  2 07:15:57 UTC 2026 | activity 13255
Tue Mar  3 07:09:47 UTC 2026 | activity 5853
Wed Mar  4 07:05:41 UTC 2026 | activity 26198
Wed Mar  4 07:05:42 UTC 2026 | activity 8663
Wed Mar  4 07:06:01 UTC 2026 | activity 27539
Wed Mar  4 07:06:18 UTC 2026 | activity 18447
Thu Mar  5 07:09:39 UTC 2026 | activity 25212
Thu Mar  5 07:09:48 UTC 2026 | activity 9324
Fri Mar  6 07:07:05 UTC 2026 | activity 6979
Fri Mar  6 07:07:06 UTC 2026 | activity 11414
Fri Mar  6 07:07:18 UTC 2026 | activity 5336
Fri Mar  6 07:07:27 UTC 2026 | activity 25443
Sat Mar  7 06:58:09 UTC 2026 | activity 19570
Sat Mar  7 06:58:23 UTC 2026 | activity 24021
Sat Mar  7 06:58:26 UTC 2026 | activity 18389
Sun Mar  8 06:59:59 UTC 2026 | activity 4655
Sun Mar  8 07:00:03 UTC 2026 | activity 14168
Sun Mar  8 07:00:19 UTC 2026 | activity 17498
Mon Mar  9 07:16:40 UTC 2026 | activity 3755
Mon Mar  9 07:16:56 UTC 2026 | activity 11139
Tue Mar 10 07:07:17 UTC 2026 | activity 421
Tue Mar 10 07:07:34 UTC 2026 | activity 8399
Wed Mar 11 07:10:45 UTC 2026 | activity 30875
Wed Mar 11 07:10:55 UTC 2026 | activity 27225
Wed Mar 11 07:11:07 UTC 2026 | activity 23827
Thu Mar 12 07:12:35 UTC 2026 | activity 15495
Thu Mar 12 07:12:35 UTC 2026 | activity 23768
Fri Mar 13 07:11:41 UTC 2026 | activity 25313
Fri Mar 13 07:11:59 UTC 2026 | activity 6631
Fri Mar 13 07:12:00 UTC 2026 | activity 813
Fri Mar 13 07:12:11 UTC 2026 | activity 2112
Sat Mar 14 07:05:29 UTC 2026 | activity 10760
Sun Mar 15 07:12:39 UTC 2026 | activity 9801
Mon Mar 16 07:47:49 UTC 2026 | activity 12909
Mon Mar 16 07:48:01 UTC 2026 | activity 16338
Tue Mar 17 07:18:22 UTC 2026 | activity 4587
Tue Mar 17 07:18:41 UTC 2026 | activity 14345
Tue Mar 17 07:18:52 UTC 2026 | activity 31578
Wed Mar 18 07:16:37 UTC 2026 | activity 13985
Wed Mar 18 07:16:44 UTC 2026 | activity 194
Thu Mar 19 07:13:13 UTC 2026 | activity 20072
Thu Mar 19 07:13:14 UTC 2026 | activity 28616
Thu Mar 19 07:13:16 UTC 2026 | activity 15946
Thu Mar 19 07:13:33 UTC 2026 | activity 30467
Sat Mar 21 07:02:26 UTC 2026 | activity 7120
Sat Mar 21 07:02:28 UTC 2026 | activity 32481
Sat Mar 21 07:02:43 UTC 2026 | activity 11851
Sat Mar 21 07:03:02 UTC 2026 | activity 18038
Sun Mar 22 07:07:32 UTC 2026 | activity 15190
Sun Mar 22 07:07:38 UTC 2026 | activity 5834
Sun Mar 22 07:07:46 UTC 2026 | activity 26670
Sun Mar 22 07:07:57 UTC 2026 | activity 19112
Mon Mar 23 07:38:39 UTC 2026 | activity 12497
Mon Mar 23 07:38:50 UTC 2026 | activity 14356
Mon Mar 23 07:38:58 UTC 2026 | activity 2558
Mon Mar 23 07:39:06 UTC 2026 | activity 4388
Tue Mar 24 07:18:32 UTC 2026 | activity 18584
Tue Mar 24 07:18:44 UTC 2026 | activity 15338
Wed Mar 25 07:17:01 UTC 2026 | activity 27045
Wed Mar 25 07:17:14 UTC 2026 | activity 21251
Thu Mar 26 07:35:52 UTC 2026 | activity 7440
Thu Mar 26 07:35:52 UTC 2026 | activity 17282
Thu Mar 26 07:36:05 UTC 2026 | activity 4406
Thu Mar 26 07:36:20 UTC 2026 | activity 6185
Fri Mar 27 07:34:29 UTC 2026 | activity 21120
Sat Mar 28 07:13:08 UTC 2026 | activity 17034
Sun Mar 29 07:18:31 UTC 2026 | activity 10921
Mon Mar 30 07:59:51 UTC 2026 | activity 4156
Tue Mar 31 07:43:33 UTC 2026 | activity 12122
Tue Mar 31 07:43:34 UTC 2026 | activity 22923
Tue Mar 31 07:43:35 UTC 2026 | activity 16513
Tue Mar 31 07:43:53 UTC 2026 | activity 4528
Tue Mar 31 07:43:57 UTC 2026 | activity 24464
Wed Apr  1 07:53:07 UTC 2026 | activity 3669
Wed Apr  1 07:53:19 UTC 2026 | activity 3777
Wed Apr  1 07:53:19 UTC 2026 | activity 16314
Sat Apr  4 07:16:22 UTC 2026 | activity 14933
Sat Apr  4 07:16:30 UTC 2026 | activity 10073
Sat Apr  4 07:16:39 UTC 2026 | activity 26672
Sun Apr  5 07:31:23 UTC 2026 | activity 9936
Sun Apr  5 07:31:38 UTC 2026 | activity 28402
Sun Apr  5 07:31:50 UTC 2026 | activity 6758
Sun Apr  5 07:31:59 UTC 2026 | activity 14875
Tue Apr  7 07:49:00 UTC 2026 | activity 31006
Tue Apr  7 07:49:09 UTC 2026 | activity 9485
Wed Apr  8 07:51:58 UTC 2026 | activity 9426
Wed Apr  8 07:52:06 UTC 2026 | activity 26096
Wed Apr  8 07:52:15 UTC 2026 | activity 7896
Wed Apr  8 07:52:22 UTC 2026 | activity 28335
Thu Apr  9 07:54:07 UTC 2026 | activity 9565
Thu Apr  9 07:54:20 UTC 2026 | activity 31195
Thu Apr  9 07:54:21 UTC 2026 | activity 13637
Thu Apr  9 07:54:31 UTC 2026 | activity 29700
Thu Apr  9 07:54:42 UTC 2026 | activity 26560
Fri Apr 10 07:57:56 UTC 2026 | activity 20940
Fri Apr 10 07:58:10 UTC 2026 | activity 9498
Fri Apr 10 07:58:26 UTC 2026 | activity 19442
Fri Apr 10 07:58:33 UTC 2026 | activity 19474
Sat Apr 11 07:15:49 UTC 2026 | activity 29809
Sun Apr 12 07:43:12 UTC 2026 | activity 28377
Sun Apr 12 07:43:21 UTC 2026 | activity 14197
Sun Apr 12 07:43:27 UTC 2026 | activity 665
Mon Apr 13 08:21:47 UTC 2026 | activity 5219
Tue Apr 14 08:02:34 UTC 2026 | activity 31314
Tue Apr 14 08:02:53 UTC 2026 | activity 24880
Tue Apr 14 08:03:05 UTC 2026 | activity 1487
Tue Apr 14 08:03:17 UTC 2026 | activity 16377
Tue Apr 14 08:03:25 UTC 2026 | activity 31827
Wed Apr 15 08:03:29 UTC 2026 | activity 9609
Wed Apr 15 08:03:45 UTC 2026 | activity 14686
Wed Apr 15 08:03:46 UTC 2026 | activity 32514
Thu Apr 16 08:01:51 UTC 2026 | activity 6982
Thu Apr 16 08:02:09 UTC 2026 | activity 408
Thu Apr 16 08:02:21 UTC 2026 | activity 22201
Thu Apr 16 08:02:27 UTC 2026 | activity 32698
Fri Apr 17 08:03:00 UTC 2026 | activity 22456
Fri Apr 17 08:03:13 UTC 2026 | activity 896
Fri Apr 17 08:03:22 UTC 2026 | activity 8258
Fri Apr 17 08:03:30 UTC 2026 | activity 8222
Sat Apr 18 07:33:56 UTC 2026 | activity 23777
Sat Apr 18 07:34:04 UTC 2026 | activity 9997
Sat Apr 18 07:34:15 UTC 2026 | activity 6630
Sat Apr 18 07:34:33 UTC 2026 | activity 3767
Sun Apr 19 07:45:05 UTC 2026 | activity 12293
Sun Apr 19 07:45:11 UTC 2026 | activity 31101
Sun Apr 19 07:45:16 UTC 2026 | activity 12718
Tue Apr 21 08:07:10 UTC 2026 | activity 30299
Tue Apr 21 08:07:14 UTC 2026 | activity 21041
Tue Apr 21 08:07:15 UTC 2026 | activity 2882
Tue Apr 21 08:07:34 UTC 2026 | activity 21652
Tue Apr 21 08:07:51 UTC 2026 | activity 20057
Wed Apr 22 08:04:44 UTC 2026 | activity 16751
Wed Apr 22 08:04:45 UTC 2026 | activity 9179
Thu Apr 23 08:09:02 UTC 2026 | activity 15285
Thu Apr 23 08:09:12 UTC 2026 | activity 92
Fri Apr 24 08:21:11 UTC 2026 | activity 15513
Fri Apr 24 08:21:11 UTC 2026 | activity 13581
Fri Apr 24 08:21:21 UTC 2026 | activity 13171
Fri Apr 24 08:21:27 UTC 2026 | activity 14899
Fri Apr 24 08:21:42 UTC 2026 | activity 22551
Sun Apr 26 07:54:02 UTC 2026 | activity 24564
Sun Apr 26 07:54:08 UTC 2026 | activity 12663
Sun Apr 26 07:54:22 UTC 2026 | activity 24740
Sun Apr 26 07:54:23 UTC 2026 | activity 13365
Mon Apr 27 08:40:06 UTC 2026 | activity 20153
Mon Apr 27 08:40:13 UTC 2026 | activity 13110
Mon Apr 27 08:40:31 UTC 2026 | activity 4666
Mon Apr 27 08:40:42 UTC 2026 | activity 17703
Mon Apr 27 08:40:52 UTC 2026 | activity 8809
Tue Apr 28 08:38:31 UTC 2026 | activity 3522
Wed Apr 29 08:31:25 UTC 2026 | activity 32509
Wed Apr 29 08:31:42 UTC 2026 | activity 24679
Thu Apr 30 08:35:11 UTC 2026 | activity 12136
Thu Apr 30 08:35:19 UTC 2026 | activity 16229
Thu Apr 30 08:35:27 UTC 2026 | activity 4806
Thu Apr 30 08:35:46 UTC 2026 | activity 17327
Thu Apr 30 08:35:50 UTC 2026 | activity 9727
Fri May  1 08:23:55 UTC 2026 | activity 15948
Fri May  1 08:24:03 UTC 2026 | activity 11492
Fri May  1 08:24:10 UTC 2026 | activity 6640
Fri May  1 08:24:12 UTC 2026 | activity 30892
Sat May  2 07:58:24 UTC 2026 | activity 15841
Sat May  2 07:58:30 UTC 2026 | activity 3436
Sun May  3 08:14:48 UTC 2026 | activity 10902
Sun May  3 08:14:48 UTC 2026 | activity 21602
Sun May  3 08:14:52 UTC 2026 | activity 20873
Sun May  3 08:15:03 UTC 2026 | activity 413
Mon May  4 08:41:31 UTC 2026 | activity 30297
Mon May  4 08:41:40 UTC 2026 | activity 30403
Mon May  4 08:41:43 UTC 2026 | activity 6188
Tue May  5 08:26:35 UTC 2026 | activity 32458
Tue May  5 08:26:36 UTC 2026 | activity 278
Thu May  7 08:46:51 UTC 2026 | activity 26328
Thu May  7 08:47:06 UTC 2026 | activity 31360
Fri May  8 07:56:15 UTC 2026 | activity 478
Fri May  8 07:56:17 UTC 2026 | activity 11265
Fri May  8 07:56:22 UTC 2026 | activity 17253
Fri May  8 07:56:34 UTC 2026 | activity 16381
Sat May  9 08:09:47 UTC 2026 | activity 23261
Sat May  9 08:09:51 UTC 2026 | activity 23301
Sun May 10 08:20:57 UTC 2026 | activity 22768
Sun May 10 08:21:16 UTC 2026 | activity 10502
Sun May 10 08:21:29 UTC 2026 | activity 1284
Sun May 10 08:21:38 UTC 2026 | activity 16370
Mon May 11 09:58:27 UTC 2026 | activity 15168
Mon May 11 09:58:39 UTC 2026 | activity 31248
Mon May 11 09:58:40 UTC 2026 | activity 26523
Mon May 11 09:58:58 UTC 2026 | activity 20682
Tue May 12 09:11:33 UTC 2026 | activity 13089
Tue May 12 09:11:38 UTC 2026 | activity 10133
Tue May 12 09:11:49 UTC 2026 | activity 20059
Tue May 12 09:11:51 UTC 2026 | activity 21011
Tue May 12 09:12:03 UTC 2026 | activity 1819
Wed May 13 09:18:12 UTC 2026 | activity 400
Wed May 13 09:18:18 UTC 2026 | activity 2140
Wed May 13 09:18:29 UTC 2026 | activity 15351
Wed May 13 09:18:39 UTC 2026 | activity 13391
Thu May 14 08:48:50 UTC 2026 | activity 4800
Thu May 14 08:49:00 UTC 2026 | activity 32381
Fri May 15 09:23:40 UTC 2026 | activity 10785
Sat May 16 08:18:22 UTC 2026 | activity 19290
Sat May 16 08:18:27 UTC 2026 | activity 25622
Sun May 17 08:31:26 UTC 2026 | activity 21095
Sun May 17 08:31:37 UTC 2026 | activity 11349
Sun May 17 08:31:44 UTC 2026 | activity 8291
Mon May 18 10:39:43 UTC 2026 | activity 31174
Mon May 18 10:39:47 UTC 2026 | activity 18524
Tue May 19 10:05:32 UTC 2026 | activity 9356
Tue May 19 10:05:43 UTC 2026 | activity 11380
Tue May 19 10:05:47 UTC 2026 | activity 27952
Tue May 19 10:06:02 UTC 2026 | activity 31606
Wed May 20 09:53:19 UTC 2026 | activity 26597
Wed May 20 09:53:20 UTC 2026 | activity 1874
Thu May 21 10:01:56 UTC 2026 | activity 3727
Thu May 21 10:01:59 UTC 2026 | activity 14492
Sat May 23 08:30:21 UTC 2026 | activity 9694
Mon May 25 10:46:43 UTC 2026 | activity 27919
Mon May 25 10:46:51 UTC 2026 | activity 9861
Mon May 25 10:47:03 UTC 2026 | activity 20227
Mon May 25 10:47:06 UTC 2026 | activity 11272
Tue May 26 10:16:53 UTC 2026 | activity 12720
Tue May 26 10:16:58 UTC 2026 | activity 25800
Tue May 26 10:17:02 UTC 2026 | activity 13557
Wed May 27 10:18:30 UTC 2026 | activity 20884
Wed May 27 10:18:35 UTC 2026 | activity 22936
Wed May 27 10:18:49 UTC 2026 | activity 20052
Wed May 27 10:18:59 UTC 2026 | activity 18346
Wed May 27 10:19:14 UTC 2026 | activity 2520
Thu May 28 10:32:48 UTC 2026 | activity 14923
Thu May 28 10:32:50 UTC 2026 | activity 29650
Thu May 28 10:32:59 UTC 2026 | activity 17410
Thu May 28 10:33:06 UTC 2026 | activity 18494
Thu May 28 10:33:06 UTC 2026 | activity 21487
Sun May 31 09:22:44 UTC 2026 | activity 3465
Sun May 31 09:22:50 UTC 2026 | activity 24525
Sun May 31 09:22:53 UTC 2026 | activity 14756
Sun May 31 09:23:12 UTC 2026 | activity 31821
Mon Jun  1 12:07:39 UTC 2026 | activity 14160
Mon Jun  1 12:07:39 UTC 2026 | activity 8967
Mon Jun  1 12:07:56 UTC 2026 | activity 29806
Tue Jun  2 10:53:27 UTC 2026 | activity 30658
Tue Jun  2 10:53:32 UTC 2026 | activity 32289
Tue Jun  2 10:53:45 UTC 2026 | activity 14378
Tue Jun  2 10:53:50 UTC 2026 | activity 20427
Wed Jun  3 11:21:20 UTC 2026 | activity 9924
Thu Jun  4 10:10:47 UTC 2026 | activity 30352
Thu Jun  4 10:10:52 UTC 2026 | activity 17491
Thu Jun  4 10:10:54 UTC 2026 | activity 5618
Thu Jun  4 10:11:01 UTC 2026 | activity 25877
Thu Jun  4 10:11:03 UTC 2026 | activity 23322
Fri Jun  5 10:14:58 UTC 2026 | activity 27871
Fri Jun  5 10:15:00 UTC 2026 | activity 24003
Sat Jun  6 08:45:37 UTC 2026 | activity 27731
Sun Jun  7 09:34:43 UTC 2026 | activity 30593
Sun Jun  7 09:35:00 UTC 2026 | activity 9198
Sun Jun  7 09:35:05 UTC 2026 | activity 27340
Sun Jun  7 09:35:12 UTC 2026 | activity 9783
Mon Jun  8 11:19:24 UTC 2026 | activity 3851
Mon Jun  8 11:19:35 UTC 2026 | activity 17706
Tue Jun  9 10:01:26 UTC 2026 | activity 21355
Tue Jun  9 10:01:27 UTC 2026 | activity 32602
Tue Jun  9 10:01:41 UTC 2026 | activity 1590
Tue Jun  9 10:01:46 UTC 2026 | activity 5003
Wed Jun 10 10:30:47 UTC 2026 | activity 16214
Wed Jun 10 10:30:57 UTC 2026 | activity 16859
Thu Jun 11 10:56:59 UTC 2026 | activity 11511
Thu Jun 11 10:57:05 UTC 2026 | activity 7571
Thu Jun 11 10:57:12 UTC 2026 | activity 1939
Thu Jun 11 10:57:26 UTC 2026 | activity 19942
Thu Jun 11 10:57:45 UTC 2026 | activity 14219
Fri Jun 12 10:38:47 UTC 2026 | activity 10363
Sun Jun 14 09:54:40 UTC 2026 | activity 9756
Sun Jun 14 09:54:53 UTC 2026 | activity 948
Sun Jun 14 09:55:01 UTC 2026 | activity 2254
Tue Jun 16 11:32:22 UTC 2026 | activity 10053
Tue Jun 16 11:32:37 UTC 2026 | activity 22494
Thu Jun 18 10:45:48 UTC 2026 | activity 15726
Thu Jun 18 10:45:49 UTC 2026 | activity 31836
Fri Jun 19 10:56:05 UTC 2026 | activity 3486
Fri Jun 19 10:56:09 UTC 2026 | activity 14298
Fri Jun 19 10:56:27 UTC 2026 | activity 30202
Sat Jun 20 09:37:22 UTC 2026 | activity 17877
Sat Jun 20 09:37:31 UTC 2026 | activity 22035
Sat Jun 20 09:37:37 UTC 2026 | activity 31367
Sat Jun 20 09:37:40 UTC 2026 | activity 6397
Sat Jun 20 09:37:47 UTC 2026 | activity 27108
Sun Jun 21 10:04:03 UTC 2026 | activity 12514
Sun Jun 21 10:04:15 UTC 2026 | activity 3622
Sun Jun 21 10:04:31 UTC 2026 | activity 27064
Mon Jun 22 12:24:34 UTC 2026 | activity 28991
Mon Jun 22 12:24:47 UTC 2026 | activity 8260
Tue Jun 23 10:01:23 UTC 2026 | activity 12508
Tue Jun 23 10:01:34 UTC 2026 | activity 8755
Tue Jun 23 10:01:52 UTC 2026 | activity 31043
Tue Jun 23 10:01:55 UTC 2026 | activity 27714
Tue Jun 23 10:02:00 UTC 2026 | activity 26188
Wed Jun 24 09:49:27 UTC 2026 | activity 15868
Wed Jun 24 09:49:37 UTC 2026 | activity 28509
Fri Jun 26 09:49:56 UTC 2026 | activity 19773
Fri Jun 26 09:49:58 UTC 2026 | activity 8641
Fri Jun 26 09:50:08 UTC 2026 | activity 4186
Fri Jun 26 09:50:10 UTC 2026 | activity 18707
Sat Jun 27 08:48:40 UTC 2026 | activity 3269
Sat Jun 27 08:48:40 UTC 2026 | activity 8318
Sun Jun 28 09:31:12 UTC 2026 | activity 23370
Sun Jun 28 09:31:23 UTC 2026 | activity 18781
Mon Jun 29 11:22:20 UTC 2026 | activity 19935
